18:51:09.200 [main] INFO  io.gatling.compiler.ZincCompiler$ - Compiling 1 Scala source and 2 Java sources to C:\Users\91934\Downloads\karatesimulatiuon\target\test-classes ...
18:51:12.609 [main] INFO  io.gatling.compiler.ZincCompiler$ - Done compiling.
18:51:14.964 [main] INFO  i.g.c.config.GatlingConfiguration$ - Gatling will try to use 'gatling.conf' as custom config file.
18:51:15.466 [GatlingSystem-akka.actor.default-dispatcher-2] INFO  akka.event.slf4j.Slf4jLogger - Slf4jLogger started
18:51:16.156 [GatlingSystem-akka.actor.default-dispatcher-2] INFO  i.g.c.stats.writer.LogFileDataWriter - Initializing
18:51:16.156 [GatlingSystem-akka.actor.default-dispatcher-3] INFO  i.g.c.stats.writer.ConsoleDataWriter - Initializing
18:51:16.171 [GatlingSystem-akka.actor.default-dispatcher-3] INFO  i.g.c.stats.writer.ConsoleDataWriter - Initialized
18:51:16.171 [GatlingSystem-akka.actor.default-dispatcher-2] INFO  i.g.c.stats.writer.LogFileDataWriter - Initialized
18:51:16.314 [GatlingSystem-akka.actor.default-dispatcher-6] ERROR c.intuit.karate.gatling.KarateAction - '\src\test\java\examples\karatesimulation' crashed on session Session(Get the user data from server,1,1659705676279,Map(),0,OK,List(),io.gatling.core.protocol.ProtocolComponentsRegistry$$Lambda$366/0x0000000100435040@33d7998), forwarding to the next one
java.lang.RuntimeException: file does not exist: \src\test\java\examples\karatesimulation
	at com.intuit.karate.FileUtils.fromRelativeClassPath(FileUtils.java:454)
	at com.intuit.karate.core.FeatureParser.parse(FeatureParser.java:68)
	at com.intuit.karate.FileUtils.parseFeatureAndCallTag(FileUtils.java:180)
	at com.intuit.karate.Runner.callAsync(Runner.java:405)
	at com.intuit.karate.gatling.KarateAction.execute(KarateAction.scala:77)
	at io.gatling.core.action.Action.$bang(Action.scala:38)
	at io.gatling.core.action.Action.$bang$(Action.scala:38)
	at com.intuit.karate.gatling.KarateAction.io$gatling$core$action$ChainableAction$$super$$bang(KarateAction.scala:20)
	at io.gatling.core.action.ChainableAction.$bang(Action.scala:63)
	at io.gatling.core.action.ChainableAction.$bang$(Action.scala:61)
	at com.intuit.karate.gatling.KarateAction.io$gatling$core$action$ExitableAction$$super$$bang(KarateAction.scala:20)
	at io.gatling.core.action.ExitableAction.$bang(BlockExit.scala:138)
	at io.gatling.core.action.ExitableAction.$bang$(BlockExit.scala:136)
	at com.intuit.karate.gatling.KarateAction.$bang(KarateAction.scala:20)
	at io.gatling.core.controller.inject.Workload.startUser(Workload.scala:55)
	at io.gatling.core.controller.inject.Workload.injectUser(Workload.scala:64)
	at io.gatling.core.controller.inject.open.OpenWorkload.$anonfun$injectBatch$1(OpenWorkload.scala:35)
	at io.gatling.core.controller.inject.open.OpenWorkload.$anonfun$injectBatch$1$adapted(OpenWorkload.scala:35)
	at io.gatling.core.controller.inject.open.UserStream.withStream(UserStream.scala:58)
	at io.gatling.core.controller.inject.open.OpenWorkload.injectBatch(OpenWorkload.scala:35)
	at io.gatling.core.controller.inject.Injector.$anonfun$inject$1(Injector.scala:60)
	at io.gatling.core.controller.inject.Injector.$anonfun$inject$1$adapted(Injector.scala:59)
	at scala.collection.Iterator.foreach(Iterator.scala:941)
	at scala.collection.Iterator.foreach$(Iterator.scala:941)
	at scala.collection.AbstractIterator.foreach(Iterator.scala:1429)
	at scala.collection.MapLike$DefaultValuesIterable.foreach(MapLike.scala:213)
	at io.gatling.core.controller.inject.Injector.io$gatling$core$controller$inject$Injector$$inject(Injector.scala:59)
	at io.gatling.core.controller.inject.Injector$$anonfun$1.applyOrElse(Injector.scala:92)
	at io.gatling.core.controller.inject.Injector$$anonfun$1.applyOrElse(Injector.scala:82)
	at scala.runtime.AbstractPartialFunction.apply(AbstractPartialFunction.scala:38)
	at akka.actor.FSM.processEvent(FSM.scala:684)
	at akka.actor.FSM.processEvent$(FSM.scala:681)
	at io.gatling.core.controller.inject.InjectorFSM.processEvent(InjectorFSM.scala:37)
	at akka.actor.FSM.akka$actor$FSM$$processMsg(FSM.scala:678)
	at akka.actor.FSM$$anonfun$receive$1.applyOrElse(FSM.scala:672)
	at akka.actor.Actor.aroundReceive(Actor.scala:517)
	at akka.actor.Actor.aroundReceive$(Actor.scala:515)
	at io.gatling.core.akka.BaseActor.aroundReceive(BaseActor.scala:24)
	at akka.actor.ActorCell.receiveMessage(ActorCell.scala:588)
	at akka.actor.ActorCell.invoke(ActorCell.scala:557)
	at akka.dispatch.Mailbox.processMailbox(Mailbox.scala:258)
	at akka.dispatch.Mailbox.run(Mailbox.scala:225)
	at akka.dispatch.Mailbox.exec(Mailbox.scala:235)
	at akka.dispatch.forkjoin.ForkJoinTask.doExec(ForkJoinTask.java:260)
	at akka.dispatch.forkjoin.ForkJoinPool$WorkQueue.runTask(ForkJoinPool.java:1339)
	at akka.dispatch.forkjoin.ForkJoinPool.runWorker(ForkJoinPool.java:1979)
	at akka.dispatch.forkjoin.ForkJoinWorkerThread.run(ForkJoinWorkerThread.java:107)
18:51:19.309 [GatlingSystem-akka.actor.default-dispatcher-4] ERROR c.intuit.karate.gatling.KarateAction - '\src\test\java\examples\karatesimulation' crashed on session Session(Get the user data from server,2,1659705679293,Map(),0,OK,List(),io.gatling.core.protocol.ProtocolComponentsRegistry$$Lambda$366/0x0000000100435040@33d7998), forwarding to the next one
java.lang.RuntimeException: file does not exist: \src\test\java\examples\karatesimulation
	at com.intuit.karate.FileUtils.fromRelativeClassPath(FileUtils.java:454)
	at com.intuit.karate.core.FeatureParser.parse(FeatureParser.java:68)
	at com.intuit.karate.FileUtils.parseFeatureAndCallTag(FileUtils.java:180)
	at com.intuit.karate.Runner.callAsync(Runner.java:405)
	at com.intuit.karate.gatling.KarateAction.execute(KarateAction.scala:77)
	at io.gatling.core.action.Action.$bang(Action.scala:38)
	at io.gatling.core.action.Action.$bang$(Action.scala:38)
	at com.intuit.karate.gatling.KarateAction.io$gatling$core$action$ChainableAction$$super$$bang(KarateAction.scala:20)
	at io.gatling.core.action.ChainableAction.$bang(Action.scala:63)
	at io.gatling.core.action.ChainableAction.$bang$(Action.scala:61)
	at com.intuit.karate.gatling.KarateAction.io$gatling$core$action$ExitableAction$$super$$bang(KarateAction.scala:20)
	at io.gatling.core.action.ExitableAction.$bang(BlockExit.scala:138)
	at io.gatling.core.action.ExitableAction.$bang$(BlockExit.scala:136)
	at com.intuit.karate.gatling.KarateAction.$bang(KarateAction.scala:20)
	at io.gatling.core.controller.inject.Workload.startUser(Workload.scala:55)
	at io.gatling.core.controller.inject.Workload.$anonfun$injectUser$1(Workload.scala:66)
	at akka.actor.Scheduler$$anon$4.run(Scheduler.scala:205)
	at akka.dispatch.TaskInvocation.run(AbstractDispatcher.scala:40)
	at akka.dispatch.ForkJoinExecutorConfigurator$AkkaForkJoinTask.exec(ForkJoinExecutorConfigurator.scala:44)
	at akka.dispatch.forkjoin.ForkJoinTask.doExec(ForkJoinTask.java:260)
	at akka.dispatch.forkjoin.ForkJoinPool$WorkQueue.runTask(ForkJoinPool.java:1339)
	at akka.dispatch.forkjoin.ForkJoinPool.runWorker(ForkJoinPool.java:1979)
	at akka.dispatch.forkjoin.ForkJoinWorkerThread.run(ForkJoinWorkerThread.java:107)
18:51:22.288 [GatlingSystem-akka.actor.default-dispatcher-3] ERROR c.intuit.karate.gatling.KarateAction - '\src\test\java\examples\karatesimulation' crashed on session Session(Get the user data from server,3,1659705682276,Map(),0,OK,List(),io.gatling.core.protocol.ProtocolComponentsRegistry$$Lambda$366/0x0000000100435040@33d7998), forwarding to the next one
java.lang.RuntimeException: file does not exist: \src\test\java\examples\karatesimulation
	at com.intuit.karate.FileUtils.fromRelativeClassPath(FileUtils.java:454)
	at com.intuit.karate.core.FeatureParser.parse(FeatureParser.java:68)
	at com.intuit.karate.FileUtils.parseFeatureAndCallTag(FileUtils.java:180)
	at com.intuit.karate.Runner.callAsync(Runner.java:405)
	at com.intuit.karate.gatling.KarateAction.execute(KarateAction.scala:77)
	at io.gatling.core.action.Action.$bang(Action.scala:38)
	at io.gatling.core.action.Action.$bang$(Action.scala:38)
	at com.intuit.karate.gatling.KarateAction.io$gatling$core$action$ChainableAction$$super$$bang(KarateAction.scala:20)
	at io.gatling.core.action.ChainableAction.$bang(Action.scala:63)
	at io.gatling.core.action.ChainableAction.$bang$(Action.scala:61)
	at com.intuit.karate.gatling.KarateAction.io$gatling$core$action$ExitableAction$$super$$bang(KarateAction.scala:20)
	at io.gatling.core.action.ExitableAction.$bang(BlockExit.scala:138)
	at io.gatling.core.action.ExitableAction.$bang$(BlockExit.scala:136)
	at com.intuit.karate.gatling.KarateAction.$bang(KarateAction.scala:20)
	at io.gatling.core.controller.inject.Workload.startUser(Workload.scala:55)
	at io.gatling.core.controller.inject.Workload.$anonfun$injectUser$1(Workload.scala:66)
	at akka.actor.Scheduler$$anon$4.run(Scheduler.scala:205)
	at akka.dispatch.TaskInvocation.run(AbstractDispatcher.scala:40)
	at akka.dispatch.ForkJoinExecutorConfigurator$AkkaForkJoinTask.exec(ForkJoinExecutorConfigurator.scala:44)
	at akka.dispatch.forkjoin.ForkJoinTask.doExec(ForkJoinTask.java:260)
	at akka.dispatch.forkjoin.ForkJoinPool$WorkQueue.runTask(ForkJoinPool.java:1339)
	at akka.dispatch.forkjoin.ForkJoinPool.runWorker(ForkJoinPool.java:1979)
	at akka.dispatch.forkjoin.ForkJoinWorkerThread.run(ForkJoinWorkerThread.java:107)
18:51:26.306 [GatlingSystem-akka.actor.default-dispatcher-5] ERROR c.intuit.karate.gatling.KarateAction - '\src\test\java\examples\karatesimulation' crashed on session Session(Get the user data from server,4,1659705686290,Map(),0,OK,List(),io.gatling.core.protocol.ProtocolComponentsRegistry$$Lambda$366/0x0000000100435040@33d7998), forwarding to the next one
java.lang.RuntimeException: file does not exist: \src\test\java\examples\karatesimulation
	at com.intuit.karate.FileUtils.fromRelativeClassPath(FileUtils.java:454)
	at com.intuit.karate.core.FeatureParser.parse(FeatureParser.java:68)
	at com.intuit.karate.FileUtils.parseFeatureAndCallTag(FileUtils.java:180)
	at com.intuit.karate.Runner.callAsync(Runner.java:405)
	at com.intuit.karate.gatling.KarateAction.execute(KarateAction.scala:77)
	at io.gatling.core.action.Action.$bang(Action.scala:38)
	at io.gatling.core.action.Action.$bang$(Action.scala:38)
	at com.intuit.karate.gatling.KarateAction.io$gatling$core$action$ChainableAction$$super$$bang(KarateAction.scala:20)
	at io.gatling.core.action.ChainableAction.$bang(Action.scala:63)
	at io.gatling.core.action.ChainableAction.$bang$(Action.scala:61)
	at com.intuit.karate.gatling.KarateAction.io$gatling$core$action$ExitableAction$$super$$bang(KarateAction.scala:20)
	at io.gatling.core.action.ExitableAction.$bang(BlockExit.scala:138)
	at io.gatling.core.action.ExitableAction.$bang$(BlockExit.scala:136)
	at com.intuit.karate.gatling.KarateAction.$bang(KarateAction.scala:20)
	at io.gatling.core.controller.inject.Workload.startUser(Workload.scala:55)
	at io.gatling.core.controller.inject.Workload.$anonfun$injectUser$1(Workload.scala:66)
	at akka.actor.Scheduler$$anon$4.run(Scheduler.scala:205)
	at akka.dispatch.TaskInvocation.run(AbstractDispatcher.scala:40)
	at akka.dispatch.ForkJoinExecutorConfigurator$AkkaForkJoinTask.exec(ForkJoinExecutorConfigurator.scala:44)
	at akka.dispatch.forkjoin.ForkJoinTask.doExec(ForkJoinTask.java:260)
	at akka.dispatch.forkjoin.ForkJoinPool$WorkQueue.runTask(ForkJoinPool.java:1339)
	at akka.dispatch.forkjoin.ForkJoinPool.runWorker(ForkJoinPool.java:1979)
	at akka.dispatch.forkjoin.ForkJoinWorkerThread.run(ForkJoinWorkerThread.java:107)
18:51:29.290 [GatlingSystem-akka.actor.default-dispatcher-3] ERROR c.intuit.karate.gatling.KarateAction - '\src\test\java\examples\karatesimulation' crashed on session Session(Get the user data from server,5,1659705689276,Map(),0,OK,List(),io.gatling.core.protocol.ProtocolComponentsRegistry$$Lambda$366/0x0000000100435040@33d7998), forwarding to the next one
java.lang.RuntimeException: file does not exist: \src\test\java\examples\karatesimulation
	at com.intuit.karate.FileUtils.fromRelativeClassPath(FileUtils.java:454)
	at com.intuit.karate.core.FeatureParser.parse(FeatureParser.java:68)
	at com.intuit.karate.FileUtils.parseFeatureAndCallTag(FileUtils.java:180)
	at com.intuit.karate.Runner.callAsync(Runner.java:405)
	at com.intuit.karate.gatling.KarateAction.execute(KarateAction.scala:77)
	at io.gatling.core.action.Action.$bang(Action.scala:38)
	at io.gatling.core.action.Action.$bang$(Action.scala:38)
	at com.intuit.karate.gatling.KarateAction.io$gatling$core$action$ChainableAction$$super$$bang(KarateAction.scala:20)
	at io.gatling.core.action.ChainableAction.$bang(Action.scala:63)
	at io.gatling.core.action.ChainableAction.$bang$(Action.scala:61)
	at com.intuit.karate.gatling.KarateAction.io$gatling$core$action$ExitableAction$$super$$bang(KarateAction.scala:20)
	at io.gatling.core.action.ExitableAction.$bang(BlockExit.scala:138)
	at io.gatling.core.action.ExitableAction.$bang$(BlockExit.scala:136)
	at com.intuit.karate.gatling.KarateAction.$bang(KarateAction.scala:20)
	at io.gatling.core.controller.inject.Workload.startUser(Workload.scala:55)
	at io.gatling.core.controller.inject.Workload.$anonfun$injectUser$1(Workload.scala:66)
	at akka.actor.Scheduler$$anon$4.run(Scheduler.scala:205)
	at akka.dispatch.TaskInvocation.run(AbstractDispatcher.scala:40)
	at akka.dispatch.ForkJoinExecutorConfigurator$AkkaForkJoinTask.exec(ForkJoinExecutorConfigurator.scala:44)
	at akka.dispatch.forkjoin.ForkJoinTask.doExec(ForkJoinTask.java:260)
	at akka.dispatch.forkjoin.ForkJoinPool$WorkQueue.runTask(ForkJoinPool.java:1339)
	at akka.dispatch.forkjoin.ForkJoinPool.runWorker(ForkJoinPool.java:1979)
	at akka.dispatch.forkjoin.ForkJoinWorkerThread.run(ForkJoinWorkerThread.java:107)
18:51:31.299 [GatlingSystem-akka.actor.default-dispatcher-7] INFO  i.g.core.controller.inject.Injector - StoppedInjecting
18:51:32.286 [GatlingSystem-akka.actor.default-dispatcher-5] ERROR c.intuit.karate.gatling.KarateAction - '\src\test\java\examples\karatesimulation' crashed on session Session(Get the user data from server,6,1659705692271,Map(),0,OK,List(),io.gatling.core.protocol.ProtocolComponentsRegistry$$Lambda$366/0x0000000100435040@33d7998), forwarding to the next one
java.lang.RuntimeException: file does not exist: \src\test\java\examples\karatesimulation
	at com.intuit.karate.FileUtils.fromRelativeClassPath(FileUtils.java:454)
	at com.intuit.karate.core.FeatureParser.parse(FeatureParser.java:68)
	at com.intuit.karate.FileUtils.parseFeatureAndCallTag(FileUtils.java:180)
	at com.intuit.karate.Runner.callAsync(Runner.java:405)
	at com.intuit.karate.gatling.KarateAction.execute(KarateAction.scala:77)
	at io.gatling.core.action.Action.$bang(Action.scala:38)
	at io.gatling.core.action.Action.$bang$(Action.scala:38)
	at com.intuit.karate.gatling.KarateAction.io$gatling$core$action$ChainableAction$$super$$bang(KarateAction.scala:20)
	at io.gatling.core.action.ChainableAction.$bang(Action.scala:63)
	at io.gatling.core.action.ChainableAction.$bang$(Action.scala:61)
	at com.intuit.karate.gatling.KarateAction.io$gatling$core$action$ExitableAction$$super$$bang(KarateAction.scala:20)
	at io.gatling.core.action.ExitableAction.$bang(BlockExit.scala:138)
	at io.gatling.core.action.ExitableAction.$bang$(BlockExit.scala:136)
	at com.intuit.karate.gatling.KarateAction.$bang(KarateAction.scala:20)
	at io.gatling.core.controller.inject.Workload.startUser(Workload.scala:55)
	at io.gatling.core.controller.inject.Workload.$anonfun$injectUser$1(Workload.scala:66)
	at akka.actor.Scheduler$$anon$4.run(Scheduler.scala:205)
	at akka.dispatch.TaskInvocation.run(AbstractDispatcher.scala:40)
	at akka.dispatch.ForkJoinExecutorConfigurator$AkkaForkJoinTask.exec(ForkJoinExecutorConfigurator.scala:44)
	at akka.dispatch.forkjoin.ForkJoinTask.doExec(ForkJoinTask.java:260)
	at akka.dispatch.forkjoin.ForkJoinPool$WorkQueue.runTask(ForkJoinPool.java:1339)
	at akka.dispatch.forkjoin.ForkJoinPool.runWorker(ForkJoinPool.java:1979)
	at akka.dispatch.forkjoin.ForkJoinWorkerThread.run(ForkJoinWorkerThread.java:107)
18:51:32.286 [GatlingSystem-akka.actor.default-dispatcher-6] INFO  i.g.core.controller.inject.Injector - All users of scenario Get the user data from server are stopped
18:51:32.286 [GatlingSystem-akka.actor.default-dispatcher-6] INFO  i.g.core.controller.inject.Injector - Stopping
18:51:32.286 [GatlingSystem-akka.actor.default-dispatcher-5] INFO  i.gatling.core.controller.Controller - Injector has stopped, initiating graceful stop
18:51:32.365 [GatlingSystem-akka.actor.default-dispatcher-5] INFO  i.gatling.core.controller.Controller - StatsEngineStopped
18:51:32.396 [main] INFO  i.gatling.charts.stats.LogFileReader - Collected ArrayBuffer(C:\Users\91934\Downloads\karatesimulatiuon\target\gatling\karatesimulation-20220805132116124\simulation.log) from karatesimulation-20220805132116124
18:51:32.411 [main] INFO  i.gatling.charts.stats.LogFileReader - First pass
18:51:32.411 [main] INFO  i.gatling.charts.stats.LogFileReader - First pass done: read 13 lines
18:51:32.411 [main] INFO  i.gatling.charts.stats.LogFileReader - Second pass
18:51:32.427 [main] INFO  i.gatling.charts.stats.LogFileReader - Second pass: read 13 lines
